<?xml version="1.0" encoding="UTF-8"?>
<!-- Generated by org.testng.reporters.JUnitReportReporter -->
<testsuite skipped="0" hostname="CXA-VN-L-0028.local" name="test.testng.DemoTest" tests="2" failures="0" timestamp="2021-12-05T09:55:58 ICT" time="0.001" errors="0">
  <testcase name="loginInCorrectDemoTest" time="0.001" classname="test.testng.DemoTest"/>
  <system-out/>
  <testcase name="loginDemoTest" time="0.000" classname="test.testng.DemoTest"/>
  <system-out/>
</testsuite> <!-- test.testng.DemoTest -->
