<?xml version="1.0" encoding="UTF-8"?>
<!-- Generated by org.testng.reporters.JUnitReportReporter -->
<testsuite skipped="0" hostname="CXA-VN-L-0028.local" name="test.testng.SignUpTest" tests="2" failures="0" timestamp="2021-12-05T09:55:53 ICT" time="0.001" errors="0">
  <testcase name="signupWithCorrectEmail" time="0.001" classname="test.testng.SignUpTest"/>
  <system-out/>
  <testcase name="signupWithInCorrectEmail" time="0.000" classname="test.testng.SignUpTest"/>
  <system-out/>
</testsuite> <!-- test.testng.SignUpTest -->
