<?xml version="1.0" encoding="UTF-8"?>
<!-- Generated by org.testng.reporters.JUnitReportReporter -->
<testsuite skipped="0" hostname="CXA-VN-L-0028.local" name="test.testng.LoginTest" tests="2" failures="0" timestamp="2021-12-05T23:23:06 ICT" time="0.001" errors="0">
  <testcase name="loginInCorrectCreds" time="0.000" classname="test.testng.LoginTest"/>
  <system-out/>
  <testcase name="loginCorrectCreds" time="0.001" classname="test.testng.LoginTest"/>
  <system-out/>
</testsuite> <!-- test.testng.LoginTest -->
